  Frame.cpp
  Landmark.cpp
  KLTTracker.cpp
high_fps_klt\lib\KLTTracker.cpp(39): warning C4267: 'initializing' : conversion from 'size_t' to 'int', possible loss of data
high_fps_klt\lib\KLTTracker.cpp(129): warning C4244: 'argument' : conversion from 'uint64' to 'const int', possible loss of data
high_fps_klt\lib\KLTTracker.cpp(142): warning C4305: 'argument' : truncation from 'double' to 'float'
high_fps_klt\lib\KLTTracker.cpp(185): warning C4244: 'argument' : conversion from 'uint64' to 'const int', possible loss of data
high_fps_klt\lib\KLTTracker.cpp(210): warning C4244: '=' : conversion from '__int64' to 'int', possible loss of data
high_fps_klt\lib\KLTTracker.cpp(222): warning C4267: 'initializing' : conversion from 'size_t' to 'uint', possible loss of data
high_fps_klt\lib\KLTTracker.cpp(266): warning C4996: 'fopen': This function or variable may be unsafe. Consider using fopen_s instead. To disable deprecation, use _CRT_SECURE_NO_WARNINGS. See online help for details.
          D:\Program Files (x86)\Microsoft Visual Studio\VC\include\stdio.h(211) : see declaration of 'fopen'
high_fps_klt\lib\KLTTracker.cpp(296): warning C4996: 'fopen': This function or variable may be unsafe. Consider using fopen_s instead. To disable deprecation, use _CRT_SECURE_NO_WARNINGS. See online help for details.
          D:\Program Files (x86)\Microsoft Visual Studio\VC\include\stdio.h(211) : see declaration of 'fopen'
high_fps_klt\lib\KLTTracker.cpp(301): warning C4996: 'fopen': This function or variable may be unsafe. Consider using fopen_s instead. To disable deprecation, use _CRT_SECURE_NO_WARNINGS. See online help for details.
          D:\Program Files (x86)\Microsoft Visual Studio\VC\include\stdio.h(211) : see declaration of 'fopen'
high_fps_klt\lib\KLTTracker.cpp(305): warning C4267: 'initializing' : conversion from 'size_t' to 'uint', possible loss of data
high_fps_klt\lib\KLTTracker.cpp(307): warning C4018: '<' : signed/unsigned mismatch
high_fps_klt\lib\KLTTracker.cpp(316): warning C4267: '=' : conversion from 'size_t' to 'uint', possible loss of data
high_fps_klt\lib\KLTTracker.cpp(329): warning C4018: '<' : signed/unsigned mismatch
high_fps_klt\lib\KLTTracker.cpp(365): warning C4996: 'fopen': This function or variable may be unsafe. Consider using fopen_s instead. To disable deprecation, use _CRT_SECURE_NO_WARNINGS. See online help for details.
          D:\Program Files (x86)\Microsoft Visual Studio\VC\include\stdio.h(211) : see declaration of 'fopen'
high_fps_klt\lib\KLTTracker.cpp(447): warning C4267: 'initializing' : conversion from 'size_t' to 'uint', possible loss of data
high_fps_klt\lib\KLTTracker.cpp(670): warning C4267: 'initializing' : conversion from 'size_t' to 'uint', possible loss of data
  main.cpp
d:\lagring\plugg\examensarbete\klttrackernew\high_fps_klt\../SpaceCarving.h(3): fatal error C1083: Cannot open include file: 'vtkAutoInit.h': No such file or directory
  SensorData.cpp
SensorData.cpp(54): warning C4101: 'c' : unreferenced local variable
SensorData.cpp(107): warning C4267: 'argument' : conversion from 'size_t' to 'int', possible loss of data
SensorData.cpp(119): warning C4267: 'argument' : conversion from 'size_t' to 'int', possible loss of data
SensorData.cpp(120): warning C4267: 'argument' : conversion from 'size_t' to 'int', possible loss of data
SensorData.cpp(121): warning C4267: 'argument' : conversion from 'size_t' to 'int', possible loss of data
SensorData.cpp(122): warning C4267: 'argument' : conversion from 'size_t' to 'int', possible loss of data
SensorData.cpp(164): warning C4244: 'initializing' : conversion from '__int64' to 'int', possible loss of data
SensorData.cpp(167): warning C4996: 'strcpy': This function or variable may be unsafe. Consider using strcpy_s instead. To disable deprecation, use _CRT_SECURE_NO_WARNINGS. See online help for details.
          D:\Program Files (x86)\Microsoft Visual Studio\VC\include\string.h(112) : see declaration of 'strcpy'
SensorData.cpp(172): warning C4244: '=' : conversion from '__int64' to 'int', possible loss of data
SensorData.cpp(174): warning C4996: 'strcpy': This function or variable may be unsafe. Consider using strcpy_s instead. To disable deprecation, use _CRT_SECURE_NO_WARNINGS. See online help for details.
          D:\Program Files (x86)\Microsoft Visual Studio\VC\include\string.h(112) : see declaration of 'strcpy'
SensorData.cpp(353): warning C4267: 'initializing' : conversion from 'size_t' to 'int', possible loss of data
SensorData.cpp(379): warning C4996: 'fopen': This function or variable may be unsafe. Consider using fopen_s instead. To disable deprecation, use _CRT_SECURE_NO_WARNINGS. See online help for details.
          D:\Program Files (x86)\Microsoft Visual Studio\VC\include\stdio.h(211) : see declaration of 'fopen'
SensorData.cpp(399): warning C4267: 'initializing' : conversion from 'size_t' to 'unsigned int', possible loss of data
SensorData.cpp(413): warning C4018: '<' : signed/unsigned mismatch
SensorData.cpp(431): warning C4267: 'initializing' : conversion from 'size_t' to 'unsigned int', possible loss of data
SensorData.cpp(440): warning C4018: '<' : signed/unsigned mismatch
SensorData.cpp(453): warning C4018: '<' : signed/unsigned mismatch
SensorData.cpp(470): warning C4267: 'initializing' : conversion from 'size_t' to 'unsigned int', possible loss of data
SensorData.cpp(478): warning C4018: '<' : signed/unsigned mismatch
SensorData.cpp(493): warning C4267: 'initializing' : conversion from 'size_t' to 'unsigned int', possible loss of data
SensorData.cpp(501): warning C4018: '<' : signed/unsigned mismatch
SensorData.cpp(515): warning C4018: '<' : signed/unsigned mismatch
SensorData.cpp(681): warning C4267: 'initializing' : conversion from 'size_t' to 'int', possible loss of data
SensorData.cpp(710): warning C4996: 'fopen': This function or variable may be unsafe. Consider using fopen_s instead. To disable deprecation, use _CRT_SECURE_NO_WARNINGS. See online help for details.
          D:\Program Files (x86)\Microsoft Visual Studio\VC\include\stdio.h(211) : see declaration of 'fopen'
  SfmParse.cpp
SfmParse.cpp(192): warning C4101: 'view_id' : unreferenced local variable
d:\lagring\plugg\examensarbete\klttrackernew\jsoncons\json.hpp(2055): warning C4244: 'return' : conversion from 'double' to 'float', possible loss of data
          SfmParse.cpp(79) : see reference to function template instantiation 'T jsoncons::basic_json<char,std::allocator<char>>::as<float>(void) const' being compiled
          with
          [
              T=float
          ]
          SfmParse.cpp(79) : see reference to function template instantiation 'T jsoncons::basic_json<char,std::allocator<char>>::as<float>(void) const' being compiled
          with
          [
              T=float
          ]
  SpaceCarving.cpp
d:\lagring\plugg\examensarbete\klttrackernew\SpaceCarving.h(3): fatal error C1083: Cannot open include file: 'vtkAutoInit.h': No such file or directory
  Generating Code...
